2025-05-15 20:22:18,324 INFO o.a.j.u.JMeterUtils: Setting Locale to en_EN
2025-05-15 20:22:18,356 INFO o.a.j.JMeter: Loading user properties from: /usr/local/Cellar/jmeter/5.6.3/libexec/bin/user.properties
2025-05-15 20:22:18,357 INFO o.a.j.JMeter: Loading system properties from: /usr/local/Cellar/jmeter/5.6.3/libexec/bin/system.properties
2025-05-15 20:22:18,369 INFO o.a.j.JMeter: Copyright (c) 1998-2024 The Apache Software Foundation
2025-05-15 20:22:18,369 INFO o.a.j.JMeter: Version 5.6.3
2025-05-15 20:22:18,369 INFO o.a.j.JMeter: java.version=21.0.7
2025-05-15 20:22:18,369 INFO o.a.j.JMeter: java.vm.name=OpenJDK 64-Bit Server VM
2025-05-15 20:22:18,369 INFO o.a.j.JMeter: os.name=Mac OS X
2025-05-15 20:22:18,369 INFO o.a.j.JMeter: os.arch=x86_64
2025-05-15 20:22:18,369 INFO o.a.j.JMeter: os.version=13.7.5
2025-05-15 20:22:18,369 INFO o.a.j.JMeter: file.encoding=UTF-8
2025-05-15 20:22:18,369 INFO o.a.j.JMeter: java.awt.headless=true
2025-05-15 20:22:18,370 INFO o.a.j.JMeter: Max memory     =1073741824
2025-05-15 20:22:18,370 INFO o.a.j.JMeter: Available Processors =4
2025-05-15 20:22:18,439 INFO o.a.j.JMeter: Default Locale=English (EN)
2025-05-15 20:22:18,439 INFO o.a.j.JMeter: JMeter  Locale=English (EN)
2025-05-15 20:22:18,439 INFO o.a.j.JMeter: JMeterHome=/usr/local/Cellar/jmeter/5.6.3/libexec
2025-05-15 20:22:18,439 INFO o.a.j.JMeter: user.dir  =/Users/adriantrill/Desktop/model-forge
2025-05-15 20:22:18,439 INFO o.a.j.JMeter: PWD       =/Users/adriantrill/Desktop/model-forge
2025-05-15 20:22:18,443 INFO o.a.j.JMeter: IP: 127.0.0.1 Name: Adrians-MacBook-Pro.local FullName: localhost
2025-05-15 20:22:18,479 INFO o.a.j.JMeter: Setting property 'jmeter.reportgenerator.outputdir' to:'/Users/adriantrill/Desktop/model-forge/report'
2025-05-15 20:22:18,480 ERROR o.a.j.JMeter: An error occurred: 
org.apache.jmeter.report.config.ConfigurationException: The file /Users/adriantrill/Desktop/model-forge/stats-test-plan.jmx doesn't exist or can't be opened
	at org.apache.jmeter.JMeter.runNonGui(JMeter.java:950) ~[ApacheJMeter_core.jar:5.6.3]
	at org.apache.jmeter.JMeter.startNonGui(JMeter.java:940) ~[ApacheJMeter_core.jar:5.6.3]
	at org.apache.jmeter.JMeter.start(JMeter.java:508) [ApacheJMeter_core.jar:5.6.3]
	at java.base/jdk.internal.reflect.DirectMethodHandleAccessor.invoke(DirectMethodHandleAccessor.java:103) ~[?:?]
	at java.base/java.lang.reflect.Method.invoke(Method.java:580) ~[?:?]
	at org.apache.jmeter.NewDriver.main(NewDriver.java:259) [ApacheJMeter.jar:5.6.3]
